{"F:\\C02-0_Arka_Workspace_2020\\NodeJS\\NodeCourse\\task-manager\\src\\app.js": {"path":"F:\\C02-0_Arka_Workspace_2020\\NodeJS\\NodeCourse\\task-manager\\src\\app.js","statementMap":{"0":{"start":{"line":1,"column":16},"end":{"line":1,"column":34}},"1":{"start":{"line":2,"column":0},"end":{"line":2,"column":25}},"2":{"start":{"line":3,"column":22},"end":{"line":3,"column":50}},"3":{"start":{"line":4,"column":22},"end":{"line":4,"column":50}},"4":{"start":{"line":5,"column":19},"end":{"line":5,"column":44}},"5":{"start":{"line":7,"column":12},"end":{"line":7,"column":21}},"6":{"start":{"line":9,"column":0},"end":{"line":9,"column":24}},"7":{"start":{"line":16,"column":0},"end":{"line":16,"column":23}},"8":{"start":{"line":17,"column":0},"end":{"line":17,"column":23}},"9":{"start":{"line":18,"column":0},"end":{"line":18,"column":20}},"10":{"start":{"line":21,"column":0},"end":{"line":21,"column":20}}},"fnMap":{},"branchMap":{},"s":{"0":3,"1":3,"2":3,"3":3,"4":3,"5":3,"6":3,"7":3,"8":3,"9":3,"10":3},"f":{},"b":{},"_coverageSchema":"1a1c01bbd47fc00a2c39e90264f33305004495a9","hash":"d738126f7959a47d7cf1f783f9318e216ef532f1"}
,"F:\\C02-0_Arka_Workspace_2020\\NodeJS\\NodeCourse\\task-manager\\src\\db\\mongoose.js": {"path":"F:\\C02-0_Arka_Workspace_2020\\NodeJS\\NodeCourse\\task-manager\\src\\db\\mongoose.js","statementMap":{"0":{"start":{"line":1,"column":18},"end":{"line":1,"column":37}},"1":{"start":{"line":3,"column":0},"end":{"line":7,"column":3}}},"fnMap":{},"branchMap":{},"s":{"0":3,"1":3},"f":{},"b":{},"_coverageSchema":"1a1c01bbd47fc00a2c39e90264f33305004495a9","hash":"3755ebd9b67e534a264ad7168695405c5aacbcd2"}
,"F:\\C02-0_Arka_Workspace_2020\\NodeJS\\NodeCourse\\task-manager\\src\\emails\\account.js": {"path":"F:\\C02-0_Arka_Workspace_2020\\NodeJS\\NodeCourse\\task-manager\\src\\emails\\account.js","statementMap":{"0":{"start":{"line":1,"column":15},"end":{"line":1,"column":40}},"1":{"start":{"line":3,"column":0},"end":{"line":3,"column":39}},"2":{"start":{"line":5,"column":25},"end":{"line":12,"column":1}},"3":{"start":{"line":6,"column":4},"end":{"line":11,"column":9}},"4":{"start":{"line":14,"column":30},"end":{"line":21,"column":1}},"5":{"start":{"line":15,"column":4},"end":{"line":20,"column":9}},"6":{"start":{"line":23,"column":0},"end":{"line":26,"column":1}}},"fnMap":{"0":{"name":"(anonymous_0)","decl":{"start":{"line":5,"column":25},"end":{"line":5,"column":26}},"loc":{"start":{"line":5,"column":40},"end":{"line":12,"column":1}},"line":5},"1":{"name":"(anonymous_1)","decl":{"start":{"line":14,"column":30},"end":{"line":14,"column":31}},"loc":{"start":{"line":14,"column":45},"end":{"line":21,"column":1}},"line":14}},"branchMap":{},"s":{"0":3,"1":3,"2":3,"3":1,"4":3,"5":1,"6":3},"f":{"0":1,"1":1},"b":{},"_coverageSchema":"1a1c01bbd47fc00a2c39e90264f33305004495a9","hash":"9a5e224ff469cf2fb4b9cf532569f7762b3bd592"}
,"F:\\C02-0_Arka_Workspace_2020\\NodeJS\\NodeCourse\\task-manager\\src\\middleware\\auth.js": {"path":"F:\\C02-0_Arka_Workspace_2020\\NodeJS\\NodeCourse\\task-manager\\src\\middleware\\auth.js","statementMap":{"0":{"start":{"line":1,"column":13},"end":{"line":1,"column":36}},"1":{"start":{"line":2,"column":14},"end":{"line":2,"column":40}},"2":{"start":{"line":4,"column":14},"end":{"line":20,"column":1}},"3":{"start":{"line":5,"column":4},"end":{"line":18,"column":5}},"4":{"start":{"line":6,"column":22},"end":{"line":6,"column":71}},"5":{"start":{"line":7,"column":24},"end":{"line":7,"column":69}},"6":{"start":{"line":9,"column":21},"end":{"line":9,"column":80}},"7":{"start":{"line":10,"column":8},"end":{"line":15,"column":9}},"8":{"start":{"line":11,"column":12},"end":{"line":11,"column":30}},"9":{"start":{"line":13,"column":12},"end":{"line":13,"column":39}},"10":{"start":{"line":14,"column":12},"end":{"line":14,"column":19}},"11":{"start":{"line":17,"column":8},"end":{"line":17,"column":63}},"12":{"start":{"line":22,"column":0},"end":{"line":22,"column":23}}},"fnMap":{"0":{"name":"(anonymous_0)","decl":{"start":{"line":4,"column":14},"end":{"line":4,"column":15}},"loc":{"start":{"line":4,"column":37},"end":{"line":20,"column":1}},"line":4}},"branchMap":{"0":{"loc":{"start":{"line":10,"column":8},"end":{"line":15,"column":9}},"type":"if","locations":[{"start":{"line":10,"column":8},"end":{"line":15,"column":9}},{"start":{"line":10,"column":8},"end":{"line":15,"column":9}}],"line":10}},"s":{"0":3,"1":3,"2":3,"3":33,"4":33,"5":29,"6":28,"7":28,"8":1,"9":27,"10":27,"11":6,"12":3},"f":{"0":33},"b":{"0":[1,27]},"_coverageSchema":"1a1c01bbd47fc00a2c39e90264f33305004495a9","hash":"89f0323eaafbd6a3ab0d91567940987b1752ec36"}
,"F:\\C02-0_Arka_Workspace_2020\\NodeJS\\NodeCourse\\task-manager\\src\\models\\tasks.js": {"path":"F:\\C02-0_Arka_Workspace_2020\\NodeJS\\NodeCourse\\task-manager\\src\\models\\tasks.js","statementMap":{"0":{"start":{"line":1,"column":18},"end":{"line":1,"column":37}},"1":{"start":{"line":3,"column":21},"end":{"line":22,"column":2}},"2":{"start":{"line":24,"column":0},"end":{"line":28,"column":2}},"3":{"start":{"line":25,"column":18},"end":{"line":25,"column":22}},"4":{"start":{"line":27,"column":4},"end":{"line":27,"column":11}},"5":{"start":{"line":30,"column":15},"end":{"line":30,"column":52}},"6":{"start":{"line":32,"column":0},"end":{"line":32,"column":24}}},"fnMap":{"0":{"name":"(anonymous_0)","decl":{"start":{"line":24,"column":25},"end":{"line":24,"column":26}},"loc":{"start":{"line":24,"column":45},"end":{"line":28,"column":1}},"line":24}},"branchMap":{},"s":{"0":3,"1":3,"2":3,"3":113,"4":113,"5":3,"6":3},"f":{"0":113},"b":{},"_coverageSchema":"1a1c01bbd47fc00a2c39e90264f33305004495a9","hash":"1082a5f97e2f5fa9c2033b59deaf80dc0a4d6319"}
,"F:\\C02-0_Arka_Workspace_2020\\NodeJS\\NodeCourse\\task-manager\\src\\models\\users.js": {"path":"F:\\C02-0_Arka_Workspace_2020\\NodeJS\\NodeCourse\\task-manager\\src\\models\\users.js","statementMap":{"0":{"start":{"line":1,"column":18},"end":{"line":1,"column":37}},"1":{"start":{"line":2,"column":20},"end":{"line":2,"column":40}},"2":{"start":{"line":3,"column":16},"end":{"line":3,"column":33}},"3":{"start":{"line":4,"column":13},"end":{"line":4,"column":36}},"4":{"start":{"line":5,"column":13},"end":{"line":5,"column":31}},"5":{"start":{"line":7,"column":21},"end":{"line":52,"column":2}},"6":{"start":{"line":20,"column":12},"end":{"line":22,"column":13}},"7":{"start":{"line":21,"column":16},"end":{"line":21,"column":64}},"8":{"start":{"line":36,"column":12},"end":{"line":38,"column":13}},"9":{"start":{"line":37,"column":16},"end":{"line":37,"column":74}},"10":{"start":{"line":55,"column":0},"end":{"line":59,"column":2}},"11":{"start":{"line":63,"column":0},"end":{"line":74,"column":1}},"12":{"start":{"line":64,"column":17},"end":{"line":64,"column":21}},"13":{"start":{"line":65,"column":20},"end":{"line":65,"column":35}},"14":{"start":{"line":67,"column":4},"end":{"line":67,"column":28}},"15":{"start":{"line":68,"column":4},"end":{"line":68,"column":26}},"16":{"start":{"line":69,"column":4},"end":{"line":69,"column":23}},"17":{"start":{"line":70,"column":4},"end":{"line":70,"column":26}},"18":{"start":{"line":72,"column":4},"end":{"line":72,"column":19}},"19":{"start":{"line":76,"column":0},"end":{"line":84,"column":1}},"20":{"start":{"line":77,"column":17},"end":{"line":77,"column":21}},"21":{"start":{"line":78,"column":18},"end":{"line":78,"column":82}},"22":{"start":{"line":80,"column":4},"end":{"line":80,"column":44}},"23":{"start":{"line":81,"column":4},"end":{"line":81,"column":22}},"24":{"start":{"line":83,"column":4},"end":{"line":83,"column":17}},"25":{"start":{"line":87,"column":0},"end":{"line":101,"column":2}},"26":{"start":{"line":88,"column":17},"end":{"line":90,"column":6}},"27":{"start":{"line":91,"column":4},"end":{"line":93,"column":5}},"28":{"start":{"line":92,"column":8},"end":{"line":92,"column":70}},"29":{"start":{"line":95,"column":20},"end":{"line":95,"column":66}},"30":{"start":{"line":96,"column":4},"end":{"line":98,"column":5}},"31":{"start":{"line":97,"column":8},"end":{"line":97,"column":71}},"32":{"start":{"line":100,"column":4},"end":{"line":100,"column":16}},"33":{"start":{"line":105,"column":0},"end":{"line":111,"column":3}},"34":{"start":{"line":106,"column":18},"end":{"line":106,"column":22}},"35":{"start":{"line":107,"column":4},"end":{"line":109,"column":5}},"36":{"start":{"line":108,"column":8},"end":{"line":108,"column":62}},"37":{"start":{"line":110,"column":4},"end":{"line":110,"column":11}},"38":{"start":{"line":114,"column":0},"end":{"line":118,"column":2}},"39":{"start":{"line":115,"column":17},"end":{"line":115,"column":21}},"40":{"start":{"line":116,"column":4},"end":{"line":116,"column":45}},"41":{"start":{"line":117,"column":4},"end":{"line":117,"column":11}},"42":{"start":{"line":121,"column":15},"end":{"line":121,"column":53}},"43":{"start":{"line":123,"column":0},"end":{"line":123,"column":24}}},"fnMap":{"0":{"name":"(anonymous_0)","decl":{"start":{"line":19,"column":8},"end":{"line":19,"column":9}},"loc":{"start":{"line":19,"column":24},"end":{"line":23,"column":9}},"line":19},"1":{"name":"(anonymous_1)","decl":{"start":{"line":35,"column":8},"end":{"line":35,"column":9}},"loc":{"start":{"line":35,"column":24},"end":{"line":39,"column":9}},"line":35},"2":{"name":"(anonymous_2)","decl":{"start":{"line":63,"column":30},"end":{"line":63,"column":31}},"loc":{"start":{"line":63,"column":41},"end":{"line":74,"column":1}},"line":63},"3":{"name":"(anonymous_3)","decl":{"start":{"line":76,"column":41},"end":{"line":76,"column":42}},"loc":{"start":{"line":76,"column":57},"end":{"line":84,"column":1}},"line":76},"4":{"name":"(anonymous_4)","decl":{"start":{"line":87,"column":41},"end":{"line":87,"column":42}},"loc":{"start":{"line":87,"column":68},"end":{"line":101,"column":1}},"line":87},"5":{"name":"(anonymous_5)","decl":{"start":{"line":105,"column":25},"end":{"line":105,"column":26}},"loc":{"start":{"line":105,"column":45},"end":{"line":111,"column":1}},"line":105},"6":{"name":"(anonymous_6)","decl":{"start":{"line":114,"column":27},"end":{"line":114,"column":28}},"loc":{"start":{"line":114,"column":47},"end":{"line":118,"column":1}},"line":114}},"branchMap":{"0":{"loc":{"start":{"line":20,"column":12},"end":{"line":22,"column":13}},"type":"if","locations":[{"start":{"line":20,"column":12},"end":{"line":22,"column":13}},{"start":{"line":20,"column":12},"end":{"line":22,"column":13}}],"line":20},"1":{"loc":{"start":{"line":36,"column":12},"end":{"line":38,"column":13}},"type":"if","locations":[{"start":{"line":36,"column":12},"end":{"line":38,"column":13}},{"start":{"line":36,"column":12},"end":{"line":38,"column":13}}],"line":36},"2":{"loc":{"start":{"line":91,"column":4},"end":{"line":93,"column":5}},"type":"if","locations":[{"start":{"line":91,"column":4},"end":{"line":93,"column":5}},{"start":{"line":91,"column":4},"end":{"line":93,"column":5}}],"line":91},"3":{"loc":{"start":{"line":96,"column":4},"end":{"line":98,"column":5}},"type":"if","locations":[{"start":{"line":96,"column":4},"end":{"line":98,"column":5}},{"start":{"line":96,"column":4},"end":{"line":98,"column":5}}],"line":96},"4":{"loc":{"start":{"line":107,"column":4},"end":{"line":109,"column":5}},"type":"if","locations":[{"start":{"line":107,"column":4},"end":{"line":109,"column":5}},{"start":{"line":107,"column":4},"end":{"line":109,"column":5}}],"line":107}},"s":{"0":3,"1":3,"2":3,"3":3,"4":3,"5":3,"6":90,"7":1,"8":90,"9":1,"10":3,"11":3,"12":4,"13":4,"14":4,"15":4,"16":4,"17":4,"18":4,"19":3,"20":2,"21":2,"22":2,"23":2,"24":2,"25":3,"26":3,"27":3,"28":1,"29":2,"30":2,"31":1,"32":1,"33":3,"34":87,"35":87,"36":75,"37":87,"38":3,"39":1,"40":1,"41":1,"42":3,"43":3},"f":{"0":90,"1":90,"2":4,"3":2,"4":3,"5":87,"6":1},"b":{"0":[1,89],"1":[1,89],"2":[1,2],"3":[1,1],"4":[75,12]},"_coverageSchema":"1a1c01bbd47fc00a2c39e90264f33305004495a9","hash":"5068d5d2712567f66cd558c5722cabe2ea56f1f6"}
,"F:\\C02-0_Arka_Workspace_2020\\NodeJS\\NodeCourse\\task-manager\\src\\routers\\profile.js": {"path":"F:\\C02-0_Arka_Workspace_2020\\NodeJS\\NodeCourse\\task-manager\\src\\routers\\profile.js","statementMap":{"0":{"start":{"line":1,"column":16},"end":{"line":1,"column":34}},"1":{"start":{"line":2,"column":14},"end":{"line":2,"column":40}},"2":{"start":{"line":3,"column":14},"end":{"line":3,"column":43}},"3":{"start":{"line":4,"column":15},"end":{"line":4,"column":32}},"4":{"start":{"line":5,"column":14},"end":{"line":5,"column":30}},"5":{"start":{"line":6,"column":21},"end":{"line":6,"column":49}},"6":{"start":{"line":8,"column":15},"end":{"line":8,"column":35}},"7":{"start":{"line":11,"column":0},"end":{"line":13,"column":2}},"8":{"start":{"line":12,"column":4},"end":{"line":12,"column":31}},"9":{"start":{"line":16,"column":0},"end":{"line":37,"column":3}},"10":{"start":{"line":17,"column":20},"end":{"line":17,"column":41}},"11":{"start":{"line":18,"column":24},"end":{"line":18,"column":51}},"12":{"start":{"line":19,"column":29},"end":{"line":19,"column":78}},"13":{"start":{"line":19,"column":51},"end":{"line":19,"column":77}},"14":{"start":{"line":21,"column":4},"end":{"line":36,"column":5}},"15":{"start":{"line":22,"column":8},"end":{"line":24,"column":11}},"16":{"start":{"line":26,"column":8},"end":{"line":35,"column":9}},"17":{"start":{"line":27,"column":27},"end":{"line":27,"column":38}},"18":{"start":{"line":29,"column":12},"end":{"line":29,"column":71}},"19":{"start":{"line":29,"column":38},"end":{"line":29,"column":69}},"20":{"start":{"line":30,"column":12},"end":{"line":30,"column":56}},"21":{"start":{"line":32,"column":12},"end":{"line":32,"column":29}},"22":{"start":{"line":34,"column":12},"end":{"line":34,"column":38}},"23":{"start":{"line":39,"column":0},"end":{"line":47,"column":3}},"24":{"start":{"line":40,"column":4},"end":{"line":46,"column":5}},"25":{"start":{"line":41,"column":8},"end":{"line":41,"column":40}},"26":{"start":{"line":42,"column":8},"end":{"line":42,"column":89}},"27":{"start":{"line":43,"column":8},"end":{"line":43,"column":19}},"28":{"start":{"line":45,"column":8},"end":{"line":45,"column":31}},"29":{"start":{"line":50,"column":16},"end":{"line":61,"column":2}},"30":{"start":{"line":55,"column":8},"end":{"line":59,"column":9}},"31":{"start":{"line":56,"column":12},"end":{"line":56,"column":59}},"32":{"start":{"line":58,"column":12},"end":{"line":58,"column":31}},"33":{"start":{"line":63,"column":0},"end":{"line":73,"column":2}},"34":{"start":{"line":64,"column":20},"end":{"line":67,"column":23}},"35":{"start":{"line":68,"column":4},"end":{"line":68,"column":38}},"36":{"start":{"line":69,"column":4},"end":{"line":69,"column":34}},"37":{"start":{"line":70,"column":4},"end":{"line":70,"column":15}},"38":{"start":{"line":72,"column":4},"end":{"line":72,"column":49}},"39":{"start":{"line":75,"column":0},"end":{"line":83,"column":3}},"40":{"start":{"line":76,"column":4},"end":{"line":82,"column":5}},"41":{"start":{"line":77,"column":8},"end":{"line":77,"column":44}},"42":{"start":{"line":78,"column":8},"end":{"line":78,"column":38}},"43":{"start":{"line":79,"column":8},"end":{"line":79,"column":19}},"44":{"start":{"line":81,"column":8},"end":{"line":81,"column":31}},"45":{"start":{"line":86,"column":0},"end":{"line":100,"column":2}},"46":{"start":{"line":87,"column":4},"end":{"line":99,"column":5}},"47":{"start":{"line":88,"column":21},"end":{"line":88,"column":56}},"48":{"start":{"line":90,"column":8},"end":{"line":92,"column":9}},"49":{"start":{"line":91,"column":12},"end":{"line":91,"column":30}},"50":{"start":{"line":94,"column":8},"end":{"line":94,"column":44}},"51":{"start":{"line":95,"column":8},"end":{"line":95,"column":30}},"52":{"start":{"line":98,"column":8},"end":{"line":98,"column":55}},"53":{"start":{"line":102,"column":0},"end":{"line":102,"column":24}}},"fnMap":{"0":{"name":"(anonymous_0)","decl":{"start":{"line":11,"column":29},"end":{"line":11,"column":30}},"loc":{"start":{"line":11,"column":47},"end":{"line":13,"column":1}},"line":11},"1":{"name":"(anonymous_1)","decl":{"start":{"line":16,"column":32},"end":{"line":16,"column":33}},"loc":{"start":{"line":16,"column":52},"end":{"line":37,"column":1}},"line":16},"2":{"name":"(anonymous_2)","decl":{"start":{"line":19,"column":43},"end":{"line":19,"column":44}},"loc":{"start":{"line":19,"column":51},"end":{"line":19,"column":77}},"line":19},"3":{"name":"(anonymous_3)","decl":{"start":{"line":29,"column":28},"end":{"line":29,"column":29}},"loc":{"start":{"line":29,"column":38},"end":{"line":29,"column":69}},"line":29},"4":{"name":"(anonymous_4)","decl":{"start":{"line":39,"column":33},"end":{"line":39,"column":34}},"loc":{"start":{"line":39,"column":50},"end":{"line":47,"column":1}},"line":39},"5":{"name":"(anonymous_5)","decl":{"start":{"line":54,"column":4},"end":{"line":54,"column":5}},"loc":{"start":{"line":54,"column":27},"end":{"line":60,"column":5}},"line":54},"6":{"name":"(anonymous_6)","decl":{"start":{"line":63,"column":63},"end":{"line":63,"column":64}},"loc":{"start":{"line":63,"column":81},"end":{"line":71,"column":1}},"line":63},"7":{"name":"(anonymous_7)","decl":{"start":{"line":71,"column":2},"end":{"line":71,"column":3}},"loc":{"start":{"line":71,"column":24},"end":{"line":73,"column":1}},"line":71},"8":{"name":"(anonymous_8)","decl":{"start":{"line":75,"column":40},"end":{"line":75,"column":41}},"loc":{"start":{"line":75,"column":58},"end":{"line":83,"column":1}},"line":75},"9":{"name":"(anonymous_9)","decl":{"start":{"line":86,"column":32},"end":{"line":86,"column":33}},"loc":{"start":{"line":86,"column":49},"end":{"line":100,"column":1}},"line":86}},"branchMap":{"0":{"loc":{"start":{"line":21,"column":4},"end":{"line":36,"column":5}},"type":"if","locations":[{"start":{"line":21,"column":4},"end":{"line":36,"column":5}},{"start":{"line":21,"column":4},"end":{"line":36,"column":5}}],"line":21},"1":{"loc":{"start":{"line":55,"column":8},"end":{"line":59,"column":9}},"type":"if","locations":[{"start":{"line":55,"column":8},"end":{"line":59,"column":9}},{"start":{"line":55,"column":8},"end":{"line":59,"column":9}}],"line":55},"2":{"loc":{"start":{"line":90,"column":8},"end":{"line":92,"column":9}},"type":"if","locations":[{"start":{"line":90,"column":8},"end":{"line":92,"column":9}},{"start":{"line":90,"column":8},"end":{"line":92,"column":9}}],"line":90},"3":{"loc":{"start":{"line":90,"column":11},"end":{"line":90,"column":32}},"type":"binary-expr","locations":[{"start":{"line":90,"column":11},"end":{"line":90,"column":16}},{"start":{"line":90,"column":20},"end":{"line":90,"column":32}}],"line":90}},"s":{"0":3,"1":3,"2":3,"3":3,"4":3,"5":3,"6":3,"7":3,"8":1,"9":3,"10":3,"11":3,"12":3,"13":3,"14":3,"15":1,"16":2,"17":2,"18":2,"19":2,"20":2,"21":1,"22":1,"23":3,"24":1,"25":1,"26":1,"27":1,"28":0,"29":3,"30":6,"31":1,"32":5,"33":3,"34":5,"35":5,"36":5,"37":5,"38":1,"39":3,"40":1,"41":1,"42":1,"43":1,"44":0,"45":3,"46":2,"47":2,"48":2,"49":1,"50":1,"51":1,"52":1,"53":3},"f":{"0":1,"1":3,"2":3,"3":2,"4":1,"5":6,"6":5,"7":1,"8":1,"9":2},"b":{"0":[1,2],"1":[1,5],"2":[1,1],"3":[2,1]},"_coverageSchema":"1a1c01bbd47fc00a2c39e90264f33305004495a9","hash":"baa3a0fe003db53edffaa950b820f33aea66a703"}
,"F:\\C02-0_Arka_Workspace_2020\\NodeJS\\NodeCourse\\task-manager\\src\\routers\\session.js": {"path":"F:\\C02-0_Arka_Workspace_2020\\NodeJS\\NodeCourse\\task-manager\\src\\routers\\session.js","statementMap":{"0":{"start":{"line":1,"column":16},"end":{"line":1,"column":34}},"1":{"start":{"line":2,"column":14},"end":{"line":2,"column":40}},"2":{"start":{"line":3,"column":14},"end":{"line":3,"column":43}},"3":{"start":{"line":4,"column":21},"end":{"line":4,"column":49}},"4":{"start":{"line":6,"column":15},"end":{"line":6,"column":35}},"5":{"start":{"line":9,"column":0},"end":{"line":20,"column":3}},"6":{"start":{"line":10,"column":17},"end":{"line":10,"column":36}},"7":{"start":{"line":12,"column":4},"end":{"line":19,"column":5}},"8":{"start":{"line":13,"column":8},"end":{"line":13,"column":26}},"9":{"start":{"line":14,"column":8},"end":{"line":14,"column":60}},"10":{"start":{"line":15,"column":22},"end":{"line":15,"column":52}},"11":{"start":{"line":16,"column":8},"end":{"line":16,"column":43}},"12":{"start":{"line":18,"column":8},"end":{"line":18,"column":34}},"13":{"start":{"line":23,"column":0},"end":{"line":31,"column":3}},"14":{"start":{"line":24,"column":4},"end":{"line":30,"column":5}},"15":{"start":{"line":25,"column":21},"end":{"line":25,"column":84}},"16":{"start":{"line":26,"column":22},"end":{"line":26,"column":52}},"17":{"start":{"line":27,"column":8},"end":{"line":27,"column":32}},"18":{"start":{"line":29,"column":8},"end":{"line":29,"column":57}},"19":{"start":{"line":34,"column":0},"end":{"line":46,"column":3}},"20":{"start":{"line":35,"column":4},"end":{"line":45,"column":5}},"21":{"start":{"line":36,"column":29},"end":{"line":36,"column":40}},"22":{"start":{"line":37,"column":8},"end":{"line":39,"column":11}},"23":{"start":{"line":38,"column":12},"end":{"line":38,"column":42}},"24":{"start":{"line":41,"column":8},"end":{"line":41,"column":38}},"25":{"start":{"line":42,"column":8},"end":{"line":42,"column":19}},"26":{"start":{"line":44,"column":8},"end":{"line":44,"column":31}},"27":{"start":{"line":48,"column":0},"end":{"line":66,"column":2}},"28":{"start":{"line":49,"column":4},"end":{"line":65,"column":5}},"29":{"start":{"line":50,"column":29},"end":{"line":50,"column":40}},"30":{"start":{"line":51,"column":8},"end":{"line":59,"column":9}},"31":{"start":{"line":52,"column":12},"end":{"line":52,"column":29}},"32":{"start":{"line":53,"column":14},"end":{"line":59,"column":9}},"33":{"start":{"line":54,"column":12},"end":{"line":56,"column":15}},"34":{"start":{"line":55,"column":16},"end":{"line":55,"column":46}},"35":{"start":{"line":58,"column":12},"end":{"line":58,"column":30}},"36":{"start":{"line":61,"column":8},"end":{"line":61,"column":38}},"37":{"start":{"line":62,"column":8},"end":{"line":62,"column":19}},"38":{"start":{"line":64,"column":8},"end":{"line":64,"column":31}},"39":{"start":{"line":68,"column":0},"end":{"line":68,"column":24}}},"fnMap":{"0":{"name":"(anonymous_0)","decl":{"start":{"line":9,"column":23},"end":{"line":9,"column":24}},"loc":{"start":{"line":9,"column":43},"end":{"line":20,"column":1}},"line":9},"1":{"name":"(anonymous_1)","decl":{"start":{"line":23,"column":22},"end":{"line":23,"column":23}},"loc":{"start":{"line":23,"column":40},"end":{"line":31,"column":1}},"line":23},"2":{"name":"(anonymous_2)","decl":{"start":{"line":34,"column":28},"end":{"line":34,"column":29}},"loc":{"start":{"line":34,"column":45},"end":{"line":46,"column":1}},"line":34},"3":{"name":"(anonymous_3)","decl":{"start":{"line":37,"column":41},"end":{"line":37,"column":42}},"loc":{"start":{"line":37,"column":51},"end":{"line":39,"column":9}},"line":37},"4":{"name":"(anonymous_4)","decl":{"start":{"line":48,"column":36},"end":{"line":48,"column":37}},"loc":{"start":{"line":48,"column":54},"end":{"line":66,"column":1}},"line":48},"5":{"name":"(anonymous_5)","decl":{"start":{"line":54,"column":45},"end":{"line":54,"column":46}},"loc":{"start":{"line":54,"column":55},"end":{"line":56,"column":13}},"line":54}},"branchMap":{"0":{"loc":{"start":{"line":51,"column":8},"end":{"line":59,"column":9}},"type":"if","locations":[{"start":{"line":51,"column":8},"end":{"line":59,"column":9}},{"start":{"line":51,"column":8},"end":{"line":59,"column":9}}],"line":51},"1":{"loc":{"start":{"line":53,"column":14},"end":{"line":59,"column":9}},"type":"if","locations":[{"start":{"line":53,"column":14},"end":{"line":59,"column":9}},{"start":{"line":53,"column":14},"end":{"line":59,"column":9}}],"line":53}},"s":{"0":3,"1":3,"2":3,"3":3,"4":3,"5":3,"6":3,"7":3,"8":3,"9":1,"10":1,"11":1,"12":2,"13":3,"14":3,"15":3,"16":1,"17":1,"18":2,"19":3,"20":1,"21":1,"22":1,"23":1,"24":1,"25":1,"26":0,"27":3,"28":3,"29":3,"30":3,"31":1,"32":2,"33":1,"34":1,"35":1,"36":2,"37":2,"38":1,"39":3},"f":{"0":3,"1":3,"2":1,"3":1,"4":3,"5":1},"b":{"0":[1,2],"1":[1,1]},"_coverageSchema":"1a1c01bbd47fc00a2c39e90264f33305004495a9","hash":"4005dc7a407257c285f6c82d4f19cc5b3934ce66"}
,"F:\\C02-0_Arka_Workspace_2020\\NodeJS\\NodeCourse\\task-manager\\src\\routers\\task.js": {"path":"F:\\C02-0_Arka_Workspace_2020\\NodeJS\\NodeCourse\\task-manager\\src\\routers\\task.js","statementMap":{"0":{"start":{"line":1,"column":16},"end":{"line":1,"column":34}},"1":{"start":{"line":2,"column":14},"end":{"line":2,"column":40}},"2":{"start":{"line":3,"column":14},"end":{"line":3,"column":43}},"3":{"start":{"line":5,"column":15},"end":{"line":5,"column":35}},"4":{"start":{"line":7,"column":0},"end":{"line":19,"column":2}},"5":{"start":{"line":8,"column":17},"end":{"line":11,"column":6}},"6":{"start":{"line":13,"column":4},"end":{"line":18,"column":5}},"7":{"start":{"line":14,"column":8},"end":{"line":14,"column":26}},"8":{"start":{"line":15,"column":8},"end":{"line":15,"column":35}},"9":{"start":{"line":17,"column":8},"end":{"line":17,"column":34}},"10":{"start":{"line":24,"column":0},"end":{"line":47,"column":3}},"11":{"start":{"line":25,"column":17},"end":{"line":25,"column":19}},"12":{"start":{"line":27,"column":4},"end":{"line":29,"column":5}},"13":{"start":{"line":28,"column":8},"end":{"line":28,"column":56}},"14":{"start":{"line":31,"column":4},"end":{"line":46,"column":5}},"15":{"start":{"line":32,"column":8},"end":{"line":42,"column":26}},"16":{"start":{"line":43,"column":8},"end":{"line":43,"column":40}},"17":{"start":{"line":45,"column":8},"end":{"line":45,"column":31}},"18":{"start":{"line":49,"column":0},"end":{"line":59,"column":3}},"19":{"start":{"line":50,"column":4},"end":{"line":58,"column":5}},"20":{"start":{"line":51,"column":21},"end":{"line":54,"column":10}},"21":{"start":{"line":55,"column":8},"end":{"line":55,"column":25}},"22":{"start":{"line":57,"column":8},"end":{"line":57,"column":31}},"23":{"start":{"line":61,"column":0},"end":{"line":88,"column":3}},"24":{"start":{"line":62,"column":20},"end":{"line":62,"column":41}},"25":{"start":{"line":63,"column":24},"end":{"line":63,"column":52}},"26":{"start":{"line":64,"column":29},"end":{"line":64,"column":78}},"27":{"start":{"line":64,"column":51},"end":{"line":64,"column":77}},"28":{"start":{"line":66,"column":4},"end":{"line":70,"column":5}},"29":{"start":{"line":67,"column":8},"end":{"line":69,"column":11}},"30":{"start":{"line":71,"column":4},"end":{"line":87,"column":5}},"31":{"start":{"line":72,"column":21},"end":{"line":76,"column":10}},"32":{"start":{"line":77,"column":8},"end":{"line":84,"column":9}},"33":{"start":{"line":78,"column":12},"end":{"line":78,"column":35}},"34":{"start":{"line":80,"column":12},"end":{"line":80,"column":71}},"35":{"start":{"line":80,"column":38},"end":{"line":80,"column":69}},"36":{"start":{"line":81,"column":12},"end":{"line":81,"column":56}},"37":{"start":{"line":83,"column":12},"end":{"line":83,"column":30}},"38":{"start":{"line":86,"column":8},"end":{"line":86,"column":34}},"39":{"start":{"line":90,"column":0},"end":{"line":97,"column":3}},"40":{"start":{"line":91,"column":4},"end":{"line":96,"column":5}},"41":{"start":{"line":92,"column":21},"end":{"line":92,"column":99}},"42":{"start":{"line":93,"column":8},"end":{"line":93,"column":44}},"43":{"start":{"line":95,"column":8},"end":{"line":95,"column":31}},"44":{"start":{"line":99,"column":0},"end":{"line":99,"column":24}}},"fnMap":{"0":{"name":"(anonymous_0)","decl":{"start":{"line":7,"column":28},"end":{"line":7,"column":29}},"loc":{"start":{"line":7,"column":48},"end":{"line":19,"column":1}},"line":7},"1":{"name":"(anonymous_1)","decl":{"start":{"line":24,"column":27},"end":{"line":24,"column":28}},"loc":{"start":{"line":24,"column":47},"end":{"line":47,"column":1}},"line":24},"2":{"name":"(anonymous_2)","decl":{"start":{"line":49,"column":31},"end":{"line":49,"column":32}},"loc":{"start":{"line":49,"column":51},"end":{"line":59,"column":1}},"line":49},"3":{"name":"(anonymous_3)","decl":{"start":{"line":61,"column":33},"end":{"line":61,"column":34}},"loc":{"start":{"line":61,"column":53},"end":{"line":88,"column":1}},"line":61},"4":{"name":"(anonymous_4)","decl":{"start":{"line":64,"column":43},"end":{"line":64,"column":44}},"loc":{"start":{"line":64,"column":51},"end":{"line":64,"column":77}},"line":64},"5":{"name":"(anonymous_5)","decl":{"start":{"line":80,"column":28},"end":{"line":80,"column":29}},"loc":{"start":{"line":80,"column":38},"end":{"line":80,"column":69}},"line":80},"6":{"name":"(anonymous_6)","decl":{"start":{"line":90,"column":34},"end":{"line":90,"column":35}},"loc":{"start":{"line":90,"column":51},"end":{"line":97,"column":1}},"line":90}},"branchMap":{"0":{"loc":{"start":{"line":27,"column":4},"end":{"line":29,"column":5}},"type":"if","locations":[{"start":{"line":27,"column":4},"end":{"line":29,"column":5}},{"start":{"line":27,"column":4},"end":{"line":29,"column":5}}],"line":27},"1":{"loc":{"start":{"line":66,"column":4},"end":{"line":70,"column":5}},"type":"if","locations":[{"start":{"line":66,"column":4},"end":{"line":70,"column":5}},{"start":{"line":66,"column":4},"end":{"line":70,"column":5}}],"line":66},"2":{"loc":{"start":{"line":77,"column":8},"end":{"line":84,"column":9}},"type":"if","locations":[{"start":{"line":77,"column":8},"end":{"line":84,"column":9}},{"start":{"line":77,"column":8},"end":{"line":84,"column":9}}],"line":77},"3":{"loc":{"start":{"line":93,"column":19},"end":{"line":93,"column":35}},"type":"cond-expr","locations":[{"start":{"line":93,"column":26},"end":{"line":93,"column":29}},{"start":{"line":93,"column":32},"end":{"line":93,"column":35}}],"line":93}},"s":{"0":3,"1":3,"2":3,"3":3,"4":3,"5":2,"6":2,"7":2,"8":1,"9":1,"10":3,"11":2,"12":2,"13":1,"14":2,"15":2,"16":2,"17":0,"18":3,"19":2,"20":2,"21":2,"22":0,"23":3,"24":3,"25":3,"26":3,"27":3,"28":3,"29":1,"30":2,"31":2,"32":2,"33":1,"34":1,"35":1,"36":1,"37":1,"38":0,"39":3,"40":2,"41":2,"42":2,"43":0,"44":3},"f":{"0":2,"1":2,"2":2,"3":3,"4":3,"5":1,"6":2},"b":{"0":[1,1],"1":[1,2],"2":[1,1],"3":[1,1]},"_coverageSchema":"1a1c01bbd47fc00a2c39e90264f33305004495a9","hash":"ae70beb5fa7e7cfbe028f4497728f96f93eb4cd1"}
,"F:\\C02-0_Arka_Workspace_2020\\NodeJS\\NodeCourse\\task-manager\\tests\\fixtures\\db.js": {"path":"F:\\C02-0_Arka_Workspace_2020\\NodeJS\\NodeCourse\\task-manager\\tests\\fixtures\\db.js","statementMap":{"0":{"start":{"line":1,"column":17},"end":{"line":1,"column":36}},"1":{"start":{"line":2,"column":12},"end":{"line":2,"column":35}},"2":{"start":{"line":3,"column":13},"end":{"line":3,"column":46}},"3":{"start":{"line":4,"column":13},"end":{"line":4,"column":46}},"4":{"start":{"line":6,"column":18},"end":{"line":6,"column":47}},"5":{"start":{"line":7,"column":16},"end":{"line":16,"column":1}},"6":{"start":{"line":18,"column":18},"end":{"line":18,"column":47}},"7":{"start":{"line":19,"column":16},"end":{"line":28,"column":1}},"8":{"start":{"line":30,"column":16},"end":{"line":36,"column":1}},"9":{"start":{"line":38,"column":16},"end":{"line":44,"column":1}},"10":{"start":{"line":46,"column":18},"end":{"line":52,"column":1}},"11":{"start":{"line":54,"column":22},"end":{"line":62,"column":1}},"12":{"start":{"line":55,"column":4},"end":{"line":55,"column":27}},"13":{"start":{"line":56,"column":4},"end":{"line":56,"column":27}},"14":{"start":{"line":57,"column":4},"end":{"line":57,"column":34}},"15":{"start":{"line":58,"column":4},"end":{"line":58,"column":34}},"16":{"start":{"line":59,"column":4},"end":{"line":59,"column":34}},"17":{"start":{"line":60,"column":4},"end":{"line":60,"column":34}},"18":{"start":{"line":61,"column":4},"end":{"line":61,"column":36}},"19":{"start":{"line":64,"column":27},"end":{"line":66,"column":1}},"20":{"start":{"line":65,"column":4},"end":{"line":65,"column":27}},"21":{"start":{"line":67,"column":22},"end":{"line":69,"column":1}},"22":{"start":{"line":68,"column":4},"end":{"line":68,"column":44}},"23":{"start":{"line":71,"column":0},"end":{"line":82,"column":1}}},"fnMap":{"0":{"name":"(anonymous_0)","decl":{"start":{"line":54,"column":22},"end":{"line":54,"column":23}},"loc":{"start":{"line":54,"column":34},"end":{"line":62,"column":1}},"line":54},"1":{"name":"(anonymous_1)","decl":{"start":{"line":64,"column":27},"end":{"line":64,"column":28}},"loc":{"start":{"line":64,"column":38},"end":{"line":66,"column":1}},"line":64},"2":{"name":"(anonymous_2)","decl":{"start":{"line":67,"column":22},"end":{"line":67,"column":23}},"loc":{"start":{"line":67,"column":33},"end":{"line":69,"column":1}},"line":67}},"branchMap":{},"s":{"0":3,"1":3,"2":3,"3":3,"4":3,"5":3,"6":3,"7":3,"8":3,"9":3,"10":3,"11":3,"12":37,"13":37,"14":37,"15":37,"16":37,"17":37,"18":37,"19":3,"20":1,"21":3,"22":1,"23":3},"f":{"0":37,"1":1,"2":1},"b":{},"_coverageSchema":"1a1c01bbd47fc00a2c39e90264f33305004495a9","hash":"4c42d15c094e0f835d8d6669ce20585594a8f848"}
}
