TN:
SF:src\app.js
FNF:0
FNH:0
DA:1,3
DA:2,3
DA:3,3
DA:4,3
DA:5,3
DA:7,3
DA:9,3
DA:16,3
DA:17,3
DA:18,3
DA:21,3
LF:11
LH:11
BRF:0
BRH:0
end_of_record
TN:
SF:src\models\tasks.js
FN:24,(anonymous_0)
FNF:1
FNH:1
FNDA:70,(anonymous_0)
DA:1,3
DA:3,3
DA:24,3
DA:25,70
DA:27,70
DA:30,3
DA:32,3
LF:7
LH:7
BRF:0
BRH:0
end_of_record
TN:
SF:src\models\users.js
FN:19,(anonymous_0)
FN:35,(anonymous_1)
FN:63,(anonymous_2)
FN:76,(anonymous_3)
FN:87,(anonymous_4)
FN:105,(anonymous_5)
FN:114,(anonymous_6)
FNF:7
FNH:7
FNDA:57,(anonymous_0)
FNDA:57,(anonymous_1)
FNDA:4,(anonymous_2)
FNDA:2,(anonymous_3)
FNDA:2,(anonymous_4)
FNDA:57,(anonymous_5)
FNDA:1,(anonymous_6)
DA:1,3
DA:2,3
DA:3,3
DA:4,3
DA:5,3
DA:7,3
DA:20,57
DA:21,0
DA:36,57
DA:37,0
DA:55,3
DA:63,3
DA:64,4
DA:65,4
DA:67,4
DA:68,4
DA:69,4
DA:70,4
DA:72,4
DA:76,3
DA:77,2
DA:78,2
DA:80,2
DA:81,2
DA:83,2
DA:87,3
DA:88,2
DA:91,2
DA:92,0
DA:95,2
DA:96,2
DA:97,1
DA:100,1
DA:105,3
DA:106,57
DA:107,57
DA:108,47
DA:110,57
DA:114,3
DA:115,1
DA:116,1
DA:117,1
DA:121,3
DA:123,3
LF:44
LH:41
BRDA:20,0,0,0
BRDA:20,0,1,57
BRDA:36,1,0,0
BRDA:36,1,1,57
BRDA:91,2,0,0
BRDA:91,2,1,2
BRDA:96,3,0,1
BRDA:96,3,1,1
BRDA:107,4,0,47
BRDA:107,4,1,10
BRF:10
BRH:7
end_of_record
TN:
SF:src\routers\profile.js
FN:11,(anonymous_0)
FN:16,(anonymous_1)
FN:19,(anonymous_2)
FN:29,(anonymous_3)
FN:38,(anonymous_4)
FN:53,(anonymous_5)
FN:62,(anonymous_6)
FN:70,(anonymous_7)
FN:74,(anonymous_8)
FN:85,(anonymous_9)
FNF:10
FNH:8
FNDA:1,(anonymous_0)
FNDA:2,(anonymous_1)
FNDA:2,(anonymous_2)
FNDA:1,(anonymous_3)
FNDA:1,(anonymous_4)
FNDA:3,(anonymous_5)
FNDA:3,(anonymous_6)
FNDA:0,(anonymous_7)
FNDA:1,(anonymous_8)
FNDA:0,(anonymous_9)
DA:1,3
DA:2,3
DA:3,3
DA:4,3
DA:5,3
DA:6,3
DA:8,3
DA:11,3
DA:12,1
DA:16,3
DA:17,2
DA:18,2
DA:19,2
DA:21,2
DA:22,1
DA:26,1
DA:27,1
DA:29,1
DA:30,1
DA:32,1
DA:34,0
DA:38,3
DA:39,1
DA:40,1
DA:41,1
DA:42,1
DA:44,0
DA:49,3
DA:54,3
DA:55,0
DA:58,3
DA:62,3
DA:63,3
DA:67,3
DA:68,3
DA:69,3
DA:71,0
DA:74,3
DA:75,1
DA:76,1
DA:77,1
DA:78,1
DA:80,0
DA:85,3
DA:86,0
DA:87,0
DA:89,0
DA:90,0
DA:93,0
DA:94,0
DA:97,0
DA:101,3
LF:52
LH:40
BRDA:21,0,0,1
BRDA:21,0,1,1
BRDA:54,1,0,0
BRDA:54,1,1,3
BRDA:89,2,0,0
BRDA:89,2,1,0
BRDA:89,3,0,0
BRDA:89,3,1,0
BRF:8
BRH:3
end_of_record
TN:
SF:src\routers\session.js
FN:9,(anonymous_0)
FN:23,(anonymous_1)
FN:34,(anonymous_2)
FN:37,(anonymous_3)
FN:48,(anonymous_4)
FN:54,(anonymous_5)
FNF:6
FNH:6
FNDA:1,(anonymous_0)
FNDA:2,(anonymous_1)
FNDA:1,(anonymous_2)
FNDA:1,(anonymous_3)
FNDA:2,(anonymous_4)
FNDA:1,(anonymous_5)
DA:1,3
DA:2,3
DA:3,3
DA:4,3
DA:6,3
DA:9,3
DA:10,1
DA:12,1
DA:13,1
DA:14,1
DA:15,1
DA:16,1
DA:18,0
DA:23,3
DA:24,2
DA:25,2
DA:26,1
DA:27,1
DA:29,1
DA:34,3
DA:35,1
DA:36,1
DA:37,1
DA:38,1
DA:41,1
DA:42,1
DA:44,0
DA:48,3
DA:49,2
DA:50,2
DA:51,2
DA:52,1
DA:53,1
DA:54,1
DA:55,1
DA:58,0
DA:61,2
DA:62,2
DA:64,0
DA:68,3
LF:40
LH:36
BRDA:51,0,0,1
BRDA:51,0,1,1
BRDA:53,1,0,1
BRDA:53,1,1,0
BRF:4
BRH:3
end_of_record
TN:
SF:src\routers\task.js
FN:7,(anonymous_0)
FN:24,(anonymous_1)
FN:49,(anonymous_2)
FN:61,(anonymous_3)
FN:64,(anonymous_4)
FN:81,(anonymous_5)
FN:90,(anonymous_6)
FNF:7
FNH:6
FNDA:1,(anonymous_0)
FNDA:1,(anonymous_1)
FNDA:2,(anonymous_2)
FNDA:1,(anonymous_3)
FNDA:1,(anonymous_4)
FNDA:0,(anonymous_5)
FNDA:2,(anonymous_6)
DA:1,3
DA:2,3
DA:3,3
DA:5,3
DA:7,3
DA:8,1
DA:13,1
DA:14,1
DA:15,1
DA:17,0
DA:24,3
DA:25,1
DA:27,1
DA:28,0
DA:31,1
DA:32,1
DA:43,1
DA:45,0
DA:49,3
DA:50,2
DA:51,2
DA:55,2
DA:57,0
DA:61,3
DA:62,1
DA:63,1
DA:64,1
DA:66,1
DA:67,1
DA:71,0
DA:72,0
DA:77,0
DA:78,0
DA:81,0
DA:82,0
DA:84,0
DA:86,0
DA:90,3
DA:91,2
DA:92,2
DA:93,2
DA:95,0
DA:99,3
LF:43
LH:30
BRDA:27,0,0,0
BRDA:27,0,1,1
BRDA:66,1,0,1
BRDA:66,1,1,0
BRDA:77,2,0,0
BRDA:77,2,1,0
BRDA:93,3,0,1
BRDA:93,3,1,1
BRF:8
BRH:4
end_of_record
TN:
SF:tests\fixtures\db.js
FN:54,(anonymous_0)
FNF:1
FNH:1
FNDA:23,(anonymous_0)
DA:1,3
DA:2,3
DA:3,3
DA:4,3
DA:6,3
DA:7,3
DA:18,3
DA:19,3
DA:30,3
DA:38,3
DA:46,3
DA:54,3
DA:55,23
DA:56,23
DA:57,23
DA:58,23
DA:59,23
DA:60,23
DA:61,23
DA:64,3
LF:20
LH:20
BRF:0
BRH:0
end_of_record
