TN:
SF:src\app.js
FNF:0
FNH:0
DA:1,3
DA:2,3
DA:3,3
DA:4,3
DA:5,3
DA:7,3
DA:9,3
DA:16,3
DA:17,3
DA:18,3
DA:21,3
LF:11
LH:11
BRF:0
BRH:0
end_of_record
TN:
SF:src\db\mongoose.js
FNF:0
FNH:0
DA:1,3
DA:3,3
LF:2
LH:2
BRF:0
BRH:0
end_of_record
TN:
SF:src\emails\account.js
FN:5,(anonymous_0)
FN:14,(anonymous_1)
FNF:2
FNH:2
FNDA:1,(anonymous_0)
FNDA:1,(anonymous_1)
DA:1,3
DA:3,3
DA:5,3
DA:6,1
DA:14,3
DA:15,1
DA:23,3
LF:7
LH:7
BRF:0
BRH:0
end_of_record
TN:
SF:src\middleware\auth.js
FN:4,(anonymous_0)
FNF:1
FNH:1
FNDA:33,(anonymous_0)
DA:1,3
DA:2,3
DA:4,3
DA:5,33
DA:6,33
DA:7,29
DA:9,28
DA:10,28
DA:11,1
DA:13,27
DA:14,27
DA:17,6
DA:22,3
LF:13
LH:13
BRDA:10,0,0,1
BRDA:10,0,1,27
BRF:2
BRH:2
end_of_record
TN:
SF:src\models\tasks.js
FN:24,(anonymous_0)
FNF:1
FNH:1
FNDA:113,(anonymous_0)
DA:1,3
DA:3,3
DA:24,3
DA:25,113
DA:27,113
DA:30,3
DA:32,3
LF:7
LH:7
BRF:0
BRH:0
end_of_record
TN:
SF:src\models\users.js
FN:19,(anonymous_0)
FN:35,(anonymous_1)
FN:63,(anonymous_2)
FN:76,(anonymous_3)
FN:87,(anonymous_4)
FN:105,(anonymous_5)
FN:114,(anonymous_6)
FNF:7
FNH:7
FNDA:90,(anonymous_0)
FNDA:90,(anonymous_1)
FNDA:4,(anonymous_2)
FNDA:2,(anonymous_3)
FNDA:3,(anonymous_4)
FNDA:87,(anonymous_5)
FNDA:1,(anonymous_6)
DA:1,3
DA:2,3
DA:3,3
DA:4,3
DA:5,3
DA:7,3
DA:20,90
DA:21,1
DA:36,90
DA:37,1
DA:55,3
DA:63,3
DA:64,4
DA:65,4
DA:67,4
DA:68,4
DA:69,4
DA:70,4
DA:72,4
DA:76,3
DA:77,2
DA:78,2
DA:80,2
DA:81,2
DA:83,2
DA:87,3
DA:88,3
DA:91,3
DA:92,1
DA:95,2
DA:96,2
DA:97,1
DA:100,1
DA:105,3
DA:106,87
DA:107,87
DA:108,75
DA:110,87
DA:114,3
DA:115,1
DA:116,1
DA:117,1
DA:121,3
DA:123,3
LF:44
LH:44
BRDA:20,0,0,1
BRDA:20,0,1,89
BRDA:36,1,0,1
BRDA:36,1,1,89
BRDA:91,2,0,1
BRDA:91,2,1,2
BRDA:96,3,0,1
BRDA:96,3,1,1
BRDA:107,4,0,75
BRDA:107,4,1,12
BRF:10
BRH:10
end_of_record
TN:
SF:src\routers\profile.js
FN:11,(anonymous_0)
FN:16,(anonymous_1)
FN:19,(anonymous_2)
FN:29,(anonymous_3)
FN:39,(anonymous_4)
FN:54,(anonymous_5)
FN:63,(anonymous_6)
FN:71,(anonymous_7)
FN:75,(anonymous_8)
FN:86,(anonymous_9)
FNF:10
FNH:10
FNDA:1,(anonymous_0)
FNDA:3,(anonymous_1)
FNDA:3,(anonymous_2)
FNDA:2,(anonymous_3)
FNDA:1,(anonymous_4)
FNDA:6,(anonymous_5)
FNDA:5,(anonymous_6)
FNDA:1,(anonymous_7)
FNDA:1,(anonymous_8)
FNDA:2,(anonymous_9)
DA:1,3
DA:2,3
DA:3,3
DA:4,3
DA:5,3
DA:6,3
DA:8,3
DA:11,3
DA:12,1
DA:16,3
DA:17,3
DA:18,3
DA:19,3
DA:21,3
DA:22,1
DA:26,2
DA:27,2
DA:29,2
DA:30,2
DA:32,1
DA:34,1
DA:39,3
DA:40,1
DA:41,1
DA:42,1
DA:43,1
DA:45,0
DA:50,3
DA:55,6
DA:56,1
DA:58,5
DA:63,3
DA:64,5
DA:68,5
DA:69,5
DA:70,5
DA:72,1
DA:75,3
DA:76,1
DA:77,1
DA:78,1
DA:79,1
DA:81,0
DA:86,3
DA:87,2
DA:88,2
DA:90,2
DA:91,1
DA:94,1
DA:95,1
DA:98,1
DA:102,3
LF:52
LH:50
BRDA:21,0,0,1
BRDA:21,0,1,2
BRDA:55,1,0,1
BRDA:55,1,1,5
BRDA:90,2,0,1
BRDA:90,2,1,1
BRDA:90,3,0,2
BRDA:90,3,1,1
BRF:8
BRH:8
end_of_record
TN:
SF:src\routers\session.js
FN:9,(anonymous_0)
FN:23,(anonymous_1)
FN:34,(anonymous_2)
FN:37,(anonymous_3)
FN:48,(anonymous_4)
FN:54,(anonymous_5)
FNF:6
FNH:6
FNDA:3,(anonymous_0)
FNDA:3,(anonymous_1)
FNDA:1,(anonymous_2)
FNDA:1,(anonymous_3)
FNDA:3,(anonymous_4)
FNDA:1,(anonymous_5)
DA:1,3
DA:2,3
DA:3,3
DA:4,3
DA:6,3
DA:9,3
DA:10,3
DA:12,3
DA:13,3
DA:14,1
DA:15,1
DA:16,1
DA:18,2
DA:23,3
DA:24,3
DA:25,3
DA:26,1
DA:27,1
DA:29,2
DA:34,3
DA:35,1
DA:36,1
DA:37,1
DA:38,1
DA:41,1
DA:42,1
DA:44,0
DA:48,3
DA:49,3
DA:50,3
DA:51,3
DA:52,1
DA:53,2
DA:54,1
DA:55,1
DA:58,1
DA:61,2
DA:62,2
DA:64,1
DA:68,3
LF:40
LH:39
BRDA:51,0,0,1
BRDA:51,0,1,2
BRDA:53,1,0,1
BRDA:53,1,1,1
BRF:4
BRH:4
end_of_record
TN:
SF:src\routers\task.js
FN:7,(anonymous_0)
FN:24,(anonymous_1)
FN:49,(anonymous_2)
FN:61,(anonymous_3)
FN:64,(anonymous_4)
FN:80,(anonymous_5)
FN:90,(anonymous_6)
FNF:7
FNH:7
FNDA:2,(anonymous_0)
FNDA:2,(anonymous_1)
FNDA:2,(anonymous_2)
FNDA:3,(anonymous_3)
FNDA:3,(anonymous_4)
FNDA:1,(anonymous_5)
FNDA:2,(anonymous_6)
DA:1,3
DA:2,3
DA:3,3
DA:5,3
DA:7,3
DA:8,2
DA:13,2
DA:14,2
DA:15,1
DA:17,1
DA:24,3
DA:25,2
DA:27,2
DA:28,1
DA:31,2
DA:32,2
DA:43,2
DA:45,0
DA:49,3
DA:50,2
DA:51,2
DA:55,2
DA:57,0
DA:61,3
DA:62,3
DA:63,3
DA:64,3
DA:66,3
DA:67,1
DA:71,2
DA:72,2
DA:77,2
DA:78,1
DA:80,1
DA:81,1
DA:83,1
DA:86,0
DA:90,3
DA:91,2
DA:92,2
DA:93,2
DA:95,0
DA:99,3
LF:43
LH:39
BRDA:27,0,0,1
BRDA:27,0,1,1
BRDA:66,1,0,1
BRDA:66,1,1,2
BRDA:77,2,0,1
BRDA:77,2,1,1
BRDA:93,3,0,1
BRDA:93,3,1,1
BRF:8
BRH:8
end_of_record
TN:
SF:tests\fixtures\db.js
FN:54,(anonymous_0)
FN:64,(anonymous_1)
FN:67,(anonymous_2)
FNF:3
FNH:3
FNDA:37,(anonymous_0)
FNDA:1,(anonymous_1)
FNDA:1,(anonymous_2)
DA:1,3
DA:2,3
DA:3,3
DA:4,3
DA:6,3
DA:7,3
DA:18,3
DA:19,3
DA:30,3
DA:38,3
DA:46,3
DA:54,3
DA:55,37
DA:56,37
DA:57,37
DA:58,37
DA:59,37
DA:60,37
DA:61,37
DA:64,3
DA:65,1
DA:67,3
DA:68,1
DA:71,3
LF:24
LH:24
BRF:0
BRH:0
end_of_record
